生成启动时间为 2017/12/20 16:56:38。
     1>项目“C:\Users\lnovo\Desktop\github\coding\数据结构\ConsoleApplication2\ConsoleApplication2\ConsoleApplication2.vcxproj”在节点 2 上(Build 个目标)。
     1>ClCompile:
         D:\Program Files (x86)\Microsoft Visual Studio 14.0\VC\bin\CL.exe /c /ZI /nologo /W3 /WX- /Od /Oy- /D WIN32 /D _DEBUG /D _CONSOLE /D _UNICODE /D UNICODE /Gm /EHsc /RTC1 /MDd /GS /fp:precise /Zc:wchar_t /Zc:forScope /Zc:inline /Fo"Debug\\" /Fd"Debug\vc140.pdb" /Gd /TP /analyze- /errorReport:prompt "源.cpp"
         源.cpp
     1>c:\users\lnovo\desktop\github\coding\数据结构\consoleapplication2\consoleapplication2\源.cpp(209): error C2561: “AdjGraph<int>::NextEdge”: 函数必须返回值
         c:\users\lnovo\desktop\github\coding\数据结构\consoleapplication2\consoleapplication2\源.cpp(195): note: 参见“AdjGraph<int>::NextEdge”的声明
         c:\users\lnovo\desktop\github\coding\数据结构\consoleapplication2\consoleapplication2\源.cpp(196): note: 编译类 模板 成员函数“Edge<EdgeType> AdjGraph<EdgeType>::NextEdge(Edge<EdgeType>)”时
                 with
                 [
                     EdgeType=int
                 ]
         c:\users\lnovo\desktop\github\coding\数据结构\consoleapplication2\consoleapplication2\源.cpp(256): note: 参见对正在编译的函数 模板 实例化“Edge<EdgeType> AdjGraph<EdgeType>::NextEdge(Edge<EdgeType>)”的引用
                 with
                 [
                     EdgeType=int
                 ]
         c:\users\lnovo\desktop\github\coding\数据结构\consoleapplication2\consoleapplication2\源.cpp(352): note: 参见对正在编译的类 模板 实例化“AdjGraph<int>”的引用
     1>已完成生成项目“C:\Users\lnovo\Desktop\github\coding\数据结构\ConsoleApplication2\ConsoleApplication2\ConsoleApplication2.vcxproj”(Build 个目标)的操作 - 失败。

生成失败。

已用时间 00:00:00.40
